[0m10:01:54.259305 [debug] [MainThread]: Sending event: {'category': 'dbt', 'action': 'invocation', 'label': 'start', 'context': [<snowplow_tracker.self_describing_json.SelfDescribingJson object at 0x000001FB1BDAFF70>, <snowplow_tracker.self_describing_json.SelfDescribingJson object at 0x000001FB1EC97850>, <snowplow_tracker.self_describing_json.SelfDescribingJson object at 0x000001FB1EC97A60>]}


============================== 10:01:54.263314 | 4f19ab0d-633b-4215-ab7e-6450aef51da7 ==============================
[0m10:01:54.263314 [info ] [MainThread]: Running with dbt=1.6.2
[0m10:01:54.264307 [debug] [MainThread]: running dbt with arguments {'printer_width': '80', 'indirect_selection': 'eager', 'log_cache_events': 'False', 'write_json': 'True', 'partial_parse': 'True', 'cache_selected_only': 'False', 'warn_error': 'None', 'fail_fast': 'False', 'profiles_dir': 'C:\\Users\\jeff_\\.dbt', 'log_path': 'logs', 'debug': 'False', 'version_check': 'True', 'use_colors': 'True', 'use_experimental_parser': 'False', 'no_print': 'None', 'quiet': 'False', 'log_format': 'default', 'invocation_command': 'dbt init demo_dbt', 'static_parser': 'True', 'introspect': 'True', 'target_path': 'None', 'warn_error_options': 'WarnErrorOptions(include=[], exclude=[])', 'send_anonymous_usage_stats': 'True'}
[0m10:01:54.265257 [warn ] [MainThread]: [ConfigFolderDirectory]: Unable to parse dict {'dir': WindowsPath('C:/Users/jeff_/.dbt')}
[0m10:01:54.265517 [info ] [MainThread]: Creating dbt configuration folder at 
[0m10:01:54.272119 [debug] [MainThread]: Starter project path: C:\Users\jeff_\AppData\Local\Programs\Python\Python310\lib\site-packages\dbt\include\starter_project
[0m10:01:54.311772 [info ] [MainThread]: 
Your new dbt project "demo_dbt" was created!

For more information on how to configure the profiles.yml file,
please consult the dbt documentation here:

  https://docs.getdbt.com/docs/configure-your-profile

One more thing:

Need help? Don't hesitate to reach out to us via GitHub issues or on Slack:

  https://community.getdbt.com/

Happy modeling!

[0m10:01:54.311772 [info ] [MainThread]: Setting up your profile.
[0m10:01:54.315025 [error] [MainThread]: Encountered an error:
Runtime Error
  No adapters available. Learn how to install an adapter by going to https://docs.getdbt.com/docs/connect-adapters#install-using-the-cli
[0m10:01:54.316023 [debug] [MainThread]: Command `dbt init` failed at 10:01:54.316023 after 0.07 seconds
[0m10:01:54.316023 [debug] [MainThread]: Sending event: {'category': 'dbt', 'action': 'invocation', 'label': 'end', 'context': [<snowplow_tracker.self_describing_json.SelfDescribingJson object at 0x000001FB1BDAFF70>, <snowplow_tracker.self_describing_json.SelfDescribingJson object at 0x000001FB1EC97A60>, <snowplow_tracker.self_describing_json.SelfDescribingJson object at 0x000001FB1EC977F0>]}
[0m10:01:54.317024 [debug] [MainThread]: Flushing usage events
